<?xml version="1.0" encoding="UTF-8"?>
<testng-results ignored="0" total="2" passed="2" failed="0" skipped="0">
  <reporter-output>
  </reporter-output>
  <suite started-at="2022-10-14T11:19:36 IST" name="Default suite" finished-at="2022-10-14T11:19:48 IST" duration-ms="11651">
    <groups>
    </groups>
    <test started-at="2022-10-14T11:19:36 IST" name="Default test" finished-at="2022-10-14T11:19:48 IST" duration-ms="11651">
      <class name="com.basic.capstone.AadharRegisteration">
        <test-method signature="ChromeBrowser()[pri:0, instance:com.basic.capstone.AadharRegisteration@581ac8a8]" started-at="2022-10-14T11:19:36 IST" name="ChromeBrowser" finished-at="2022-10-14T11:19:39 IST" duration-ms="2895" status="PASS">
          <reporter-output>
          </reporter-output>
        </test-method> <!-- ChromeBrowser -->
        <test-method signature="TestHome()[pri:0, instance:com.basic.capstone.AadharRegisteration@581ac8a8]" started-at="2022-10-14T11:19:39 IST" name="TestHome" finished-at="2022-10-14T11:19:48 IST" duration-ms="8714" status="PASS">
          <reporter-output>
          </reporter-output>
        </test-method> <!-- TestHome -->
      </class> <!-- com.basic.capstone.AadharRegisteration -->
    </test> <!-- Default test -->
  </suite> <!-- Default suite -->
</testng-results>
